ERC report (2026-03-23T21:05:31+0000, Encoding UTF8)
Report includes: Errors, Warnings

***** Sheet /
[label_dangling]: Label not connected to anything
    ; error
    @(78.74 mm, 67.31 mm): Hierarchical Label 'CAN_S'
[pin_not_connected]: Hierarchical label "CAN_S" in root sheet cannot be connected to non-existent parent sheet
    ; error
    @(78.74 mm, 67.31 mm): Hierarchical Label 'CAN_S'
[pin_not_driven]: Input pin not driven by any Output pins
    ; error
    @(80.01 mm, 67.31 mm): Symbol U1 Pin 13 [Input, Line]
[label_dangling]: Label not connected to anything
    ; error
    @(104.14 mm, 105.41 mm): Hierarchical Label 'CAN_RX'
[pin_not_connected]: Hierarchical label "CAN_RX" in root sheet cannot be connected to non-existent parent sheet
    ; error
    @(104.14 mm, 105.41 mm): Hierarchical Label 'CAN_RX'
[wire_dangling]: Wires not connected to anything
    ; error
    @(132.08 mm, 67.31 mm): Horizontal Wire, length 1.27 mm
[pin_not_driven]: Input pin not driven by any Output pins
    ; error
    @(106.68 mm, 105.41 mm): Symbol U1 Pin 5 [Input, Line]
[power_pin_not_driven]: Input Power pin not driven by any Output Power pins
    ; error
    @(119.38 mm, 93.98 mm): Symbol #PWR01 Pin 1 [Power input, Line]
[wire_dangling]: Wires not connected to anything
    ; error
    @(140.97 mm, 67.31 mm): Horizontal Wire, length 1.27 mm
[power_pin_not_driven]: Input Power pin not driven by any Output Power pins
    ; error
    @(119.38 mm, 118.11 mm): Symbol #PWR02 Pin 1 [Power input, Line]
[wire_dangling]: Wires not connected to anything
    ; error
    @(132.08 mm, 105.41 mm): Horizontal Wire, length 1.27 mm
[wire_dangling]: Wires not connected to anything
    ; error
    @(140.97 mm, 105.41 mm): Horizontal Wire, length 1.27 mm
[label_dangling]: Label not connected to anything
    ; error
    @(104.14 mm, 143.51 mm): Hierarchical Label 'CAN_TX'
[pin_not_connected]: Hierarchical label "CAN_TX" in root sheet cannot be connected to non-existent parent sheet
    ; error
    @(104.14 mm, 143.51 mm): Hierarchical Label 'CAN_TX'
[pin_not_driven]: Input pin not driven by any Output pins
    ; error
    @(106.68 mm, 143.51 mm): Symbol U1 Pin 1 [Input, Line]
[label_dangling]: Label not connected to anything
    ; error
    @(171.45 mm, 67.31 mm): Hierarchical Label 'RS_RO'
[pin_not_connected]: Hierarchical label "RS_RO" in root sheet cannot be connected to non-existent parent sheet
    ; error
    @(171.45 mm, 67.31 mm): Hierarchical Label 'RS_RO'
[pin_not_driven]: Input pin not driven by any Output pins
    ; error
    @(173.99 mm, 67.31 mm): Symbol U1 Pin 3 [Input, Line]
[wire_dangling]: Wires not connected to anything
    ; error
    @(132.08 mm, 143.51 mm): Horizontal Wire, length 1.27 mm
[wire_dangling]: Wires not connected to anything
    ; error
    @(140.97 mm, 143.51 mm): Horizontal Wire, length 1.27 mm
[label_dangling]: Label not connected to anything
    ; error
    @(171.45 mm, 105.41 mm): Hierarchical Label 'RS_DI'
[pin_not_connected]: Hierarchical label "RS_DI" in root sheet cannot be connected to non-existent parent sheet
    ; error
    @(171.45 mm, 105.41 mm): Hierarchical Label 'RS_DI'
[pin_not_driven]: Input pin not driven by any Output pins
    ; error
    @(173.99 mm, 105.41 mm): Symbol U1 Pin 9 [Input, Line]
[wire_dangling]: Wires not connected to anything
    ; error
    @(199.39 mm, 67.31 mm): Horizontal Wire, length 1.27 mm
[wire_dangling]: Wires not connected to anything
    ; error
    @(208.28 mm, 67.31 mm): Horizontal Wire, length 1.27 mm
[wire_dangling]: Wires not connected to anything
    ; error
    @(199.39 mm, 105.41 mm): Horizontal Wire, length 1.27 mm
[wire_dangling]: Wires not connected to anything
    ; error
    @(208.28 mm, 105.41 mm): Horizontal Wire, length 1.27 mm

 ** ERC messages: 27  Errors 27  Warnings 0
